This file contains any messages produced by compilers while
running configure, to aid debugging if configure makes a mistake.

It was created by gkiu configure 0.1, which was
generated by GNU Autoconf 2.66.  Invocation command line was

  $ ./configure 

## --------- ##
## Platform. ##
## --------- ##

hostname = zhtx-laptop
uname -m = x86_64
uname -r = 2.6.35.10-74.fc14.x86_64
uname -s = Linux
uname -v = #1 SMP Thu Dec 23 16:04:50 UTC 2010

/usr/bin/uname -p = unknown
/bin/uname -X     = unknown

/bin/arch              = x86_64
/usr/bin/arch -k       = unknown
/usr/convex/getsysinfo = unknown
/usr/bin/hostinfo      = unknown
/bin/machine           = unknown
/usr/bin/oslevel       = unknown
/bin/universe          = unknown

PATH: /usr/local/bin
PATH: /usr/bin
PATH: /bin
PATH: /usr/local/sbin
PATH: /usr/sbin
PATH: /sbin
PATH: /home/zhtx/bin


## ----------- ##
## Core tests. ##
## ----------- ##

configure:2306: checking for a BSD-compatible install
configure:2374: result: /usr/bin/install -c
configure:2385: checking whether build environment is sane
configure:2435: result: yes
configure:2576: checking for a thread-safe mkdir -p
configure:2615: result: /bin/mkdir -p
configure:2628: checking for gawk
configure:2644: found /usr/bin/gawk
configure:2655: result: gawk
configure:2666: checking whether make sets $(MAKE)
configure:2688: result: yes
configure:2771: checking whether to enable maintainer-specific portions of Makefiles
configure:2780: result: no
configure:2842: checking for gcc
configure:2858: found /usr/bin/gcc
configure:2869: result: gcc
configure:3098: checking for C compiler version
configure:3107: gcc --version >&5
gcc (GCC) 4.5.1 20100924 (Red Hat 4.5.1-4)
Copyright (C) 2010 Free Software Foundation, Inc.
This is free software; see the source for copying conditions.  There is NO
warranty; not even for MERCHANTABILITY or FITNESS FOR A PARTICULAR PURPOSE.

configure:3118: $? = 0
configure:3107: gcc -v >&5
Using built-in specs.
COLLECT_GCC=gcc
COLLECT_LTO_WRAPPER=/usr/libexec/gcc/x86_64-redhat-linux/4.5.1/lto-wrapper
Target: x86_64-redhat-linux
Configured with: ../configure --prefix=/usr --mandir=/usr/share/man --infodir=/usr/share/info --with-bugurl=http://bugzilla.redhat.com/bugzilla --enable-bootstrap --enable-shared --enable-threads=posix --enable-checking=release --with-system-zlib --enable-__cxa_atexit --disable-libunwind-exceptions --enable-gnu-unique-object --enable-linker-build-id --enable-languages=c,c++,objc,obj-c++,java,fortran,ada,lto --enable-plugin --enable-java-awt=gtk --disable-dssi --with-java-home=/usr/lib/jvm/java-1.5.0-gcj-1.5.0.0/jre --enable-libgcj-multifile --enable-java-maintainer-mode --with-ecj-jar=/usr/share/java/eclipse-ecj.jar --disable-libjava-multilib --with-ppl --with-cloog --with-tune=generic --with-arch_32=i686 --build=x86_64-redhat-linux
Thread model: posix
gcc version 4.5.1 20100924 (Red Hat 4.5.1-4) (GCC) 
configure:3118: $? = 0
configure:3107: gcc -V >&5
gcc: '-V' option must have argument
configure:3118: $? = 1
configure:3107: gcc -qversion >&5
gcc: unrecognized option '-qversion'
gcc: no input files
configure:3118: $? = 1
configure:3138: checking whether the C compiler works
configure:3160: gcc    conftest.c  >&5
configure:3164: $? = 0
configure:3212: result: yes
configure:3215: checking for C compiler default output file name
configure:3217: result: a.out
configure:3223: checking for suffix of executables
configure:3230: gcc -o conftest    conftest.c  >&5
configure:3234: $? = 0
configure:3256: result: 
configure:3278: checking whether we are cross compiling
configure:3286: gcc -o conftest    conftest.c  >&5
configure:3290: $? = 0
configure:3297: ./conftest
configure:3301: $? = 0
configure:3316: result: no
configure:3321: checking for suffix of object files
configure:3343: gcc -c   conftest.c >&5
configure:3347: $? = 0
configure:3368: result: o
configure:3372: checking whether we are using the GNU C compiler
configure:3391: gcc -c   conftest.c >&5
configure:3391: $? = 0
configure:3400: result: yes
configure:3409: checking whether gcc accepts -g
configure:3429: gcc -c -g  conftest.c >&5
configure:3429: $? = 0
configure:3470: result: yes
configure:3487: checking for gcc option to accept ISO C89
configure:3551: gcc  -c -g -O2  conftest.c >&5
configure:3551: $? = 0
configure:3564: result: none needed
configure:3595: checking for style of include used by make
configure:3623: result: GNU
configure:3648: checking dependency style of gcc
configure:3758: result: gcc3
configure:3790: checking how to run the C preprocessor
configure:3821: gcc -E  conftest.c
configure:3821: $? = 0
configure:3835: gcc -E  conftest.c
conftest.c:12:28: fatal error: ac_nonexistent.h: No such file or directory
compilation terminated.
configure:3835: $? = 1
configure: failed program was:
| /* confdefs.h */
| #define PACKAGE_NAME "gkiu"
| #define PACKAGE_TARNAME "gkiu"
| #define PACKAGE_VERSION "0.1"
| #define PACKAGE_STRING "gkiu 0.1"
| #define PACKAGE_BUGREPORT "http://github.com/ekd123/gqq"
| #define PACKAGE_URL ""
| #define PACKAGE "gkiu"
| #define VERSION "0.1"
| #define GETTEXT_PACKAGE "gkiu"
| /* end confdefs.h.  */
| #include <ac_nonexistent.h>
configure:3860: result: gcc -E
configure:3880: gcc -E  conftest.c
configure:3880: $? = 0
configure:3894: gcc -E  conftest.c
conftest.c:12:28: fatal error: ac_nonexistent.h: No such file or directory
compilation terminated.
configure:3894: $? = 1
configure: failed program was:
| /* confdefs.h */
| #define PACKAGE_NAME "gkiu"
| #define PACKAGE_TARNAME "gkiu"
| #define PACKAGE_VERSION "0.1"
| #define PACKAGE_STRING "gkiu 0.1"
| #define PACKAGE_BUGREPORT "http://github.com/ekd123/gqq"
| #define PACKAGE_URL ""
| #define PACKAGE "gkiu"
| #define VERSION "0.1"
| #define GETTEXT_PACKAGE "gkiu"
| /* end confdefs.h.  */
| #include <ac_nonexistent.h>
configure:3923: checking for grep that handles long lines and -e
configure:3981: result: /bin/grep
configure:3986: checking for egrep
configure:4048: result: /bin/grep -E
configure:4053: checking for ANSI C header files
configure:4073: gcc -c -g -O2  conftest.c >&5
configure:4073: $? = 0
configure:4146: gcc -o conftest -g -O2   conftest.c  >&5
configure:4146: $? = 0
configure:4146: ./conftest
configure:4146: $? = 0
configure:4157: result: yes
configure:4170: checking for sys/types.h
configure:4170: gcc -c -g -O2  conftest.c >&5
configure:4170: $? = 0
configure:4170: result: yes
configure:4170: checking for sys/stat.h
configure:4170: gcc -c -g -O2  conftest.c >&5
configure:4170: $? = 0
configure:4170: result: yes
configure:4170: checking for stdlib.h
configure:4170: gcc -c -g -O2  conftest.c >&5
configure:4170: $? = 0
configure:4170: result: yes
configure:4170: checking for string.h
configure:4170: gcc -c -g -O2  conftest.c >&5
configure:4170: $? = 0
configure:4170: result: yes
configure:4170: checking for memory.h
configure:4170: gcc -c -g -O2  conftest.c >&5
configure:4170: $? = 0
configure:4170: result: yes
configure:4170: checking for strings.h
configure:4170: gcc -c -g -O2  conftest.c >&5
configure:4170: $? = 0
configure:4170: result: yes
configure:4170: checking for inttypes.h
configure:4170: gcc -c -g -O2  conftest.c >&5
configure:4170: $? = 0
configure:4170: result: yes
configure:4170: checking for stdint.h
configure:4170: gcc -c -g -O2  conftest.c >&5
configure:4170: $? = 0
configure:4170: result: yes
configure:4170: checking for unistd.h
configure:4170: gcc -c -g -O2  conftest.c >&5
configure:4170: $? = 0
configure:4170: result: yes
configure:4185: checking locale.h usability
configure:4185: gcc -c -g -O2  conftest.c >&5
configure:4185: $? = 0
configure:4185: result: yes
configure:4185: checking locale.h presence
configure:4185: gcc -E  conftest.c
configure:4185: $? = 0
configure:4185: result: yes
configure:4185: checking for locale.h
configure:4185: result: yes
configure:4196: checking for LC_MESSAGES
configure:4212: gcc -o conftest -g -O2   conftest.c  >&5
configure:4212: $? = 0
configure:4220: result: yes
configure:4237: checking libintl.h usability
configure:4237: gcc -c -g -O2  conftest.c >&5
configure:4237: $? = 0
configure:4237: result: yes
configure:4237: checking libintl.h presence
configure:4237: gcc -E  conftest.c
configure:4237: $? = 0
configure:4237: result: yes
configure:4237: checking for libintl.h
configure:4237: result: yes
configure:4245: checking for ngettext in libc
configure:4263: gcc -o conftest -g -O2   conftest.c  >&5
configure:4263: $? = 0
configure:4272: result: yes
configure:4276: checking for dgettext in libc
configure:4294: gcc -o conftest -g -O2   conftest.c  >&5
configure:4294: $? = 0
configure:4303: result: yes
configure:4310: checking for bind_textdomain_codeset
configure:4310: gcc -o conftest -g -O2   conftest.c  >&5
configure:4310: $? = 0
configure:4310: result: yes
configure:4586: checking for msgfmt
configure:4613: result: /usr/bin/msgfmt
configure:4624: checking for dcgettext
configure:4624: gcc -o conftest -g -O2   conftest.c   >&5
conftest.c:49:6: warning: conflicting types for built-in function 'dcgettext'
configure:4624: $? = 0
configure:4624: result: yes
configure:4634: checking if msgfmt accepts -c
configure:4649: $MSGFMT -c -o /dev/null conftest.foo
configure:4652: $? = 0
configure:4654: result: yes
configure:4664: checking for gmsgfmt
configure:4695: result: /usr/bin/msgfmt
configure:4705: checking for xgettext
configure:4732: result: /usr/bin/xgettext
configure:4751: gcc -o conftest -g -O2   conftest.c   >&5
configure:4751: $? = 0
configure:4887: checking whether NLS is requested
configure:4896: result: yes
configure:4911: checking for intltool >= 0.35.0
configure:4918: result: 0.41.1 found
configure:4926: checking for intltool-update
configure:4944: found /usr/bin/intltool-update
configure:4956: result: /usr/bin/intltool-update
configure:4966: checking for intltool-merge
configure:4984: found /usr/bin/intltool-merge
configure:4996: result: /usr/bin/intltool-merge
configure:5006: checking for intltool-extract
configure:5024: found /usr/bin/intltool-extract
configure:5036: result: /usr/bin/intltool-extract
configure:5167: checking for xgettext
configure:5197: result: /usr/bin/xgettext
configure:5207: checking for msgmerge
configure:5225: found /usr/bin/msgmerge
configure:5237: result: /usr/bin/msgmerge
configure:5247: checking for msgfmt
configure:5277: result: /usr/bin/msgfmt
configure:5287: checking for gmsgfmt
configure:5318: result: /usr/bin/msgfmt
configure:5338: checking for perl
configure:5356: found /usr/bin/perl
configure:5368: result: /usr/bin/perl
configure:5379: checking for perl >= 5.8.1
configure:5386: result: 5.12.2
configure:5390: checking for XML::Parser
configure:5393: result: ok
configure:5477: checking build system type
configure:5491: result: x86_64-unknown-linux-gnu
configure:5511: checking host system type
configure:5524: result: x86_64-unknown-linux-gnu
configure:5565: checking how to print strings
configure:5592: result: printf
configure:5613: checking for a sed that does not truncate output
configure:5677: result: /bin/sed
configure:5695: checking for fgrep
configure:5757: result: /bin/grep -F
configure:5792: checking for ld used by gcc
configure:5859: result: /usr/bin/ld
configure:5866: checking if the linker (/usr/bin/ld) is GNU ld
configure:5881: result: yes
configure:5893: checking for BSD- or MS-compatible name lister (nm)
configure:5942: result: /usr/bin/nm -B
configure:6072: checking the name lister (/usr/bin/nm -B) interface
configure:6079: gcc -c -g -O2  conftest.c >&5
configure:6082: /usr/bin/nm -B "conftest.o"
configure:6085: output
0000000000000000 B some_variable
configure:6092: result: BSD nm
configure:6095: checking whether ln -s works
configure:6099: result: yes
configure:6107: checking the maximum length of command line arguments
configure:6232: result: 1572864
configure:6249: checking whether the shell understands some XSI constructs
configure:6259: result: yes
configure:6263: checking whether the shell understands "+="
configure:6269: result: yes
configure:6304: checking for /usr/bin/ld option to reload object files
configure:6311: result: -r
configure:6380: checking for objdump
configure:6396: found /usr/bin/objdump
configure:6407: result: objdump
configure:6439: checking how to recognize dependent libraries
configure:6641: result: pass_all
configure:6701: checking for ar
configure:6717: found /usr/bin/ar
configure:6728: result: ar
configure:6806: checking for strip
configure:6822: found /usr/bin/strip
configure:6833: result: strip
configure:6905: checking for ranlib
configure:6921: found /usr/bin/ranlib
configure:6932: result: ranlib
configure:7034: checking command to parse /usr/bin/nm -B output from gcc object
configure:7152: gcc -c -g -O2  conftest.c >&5
configure:7155: $? = 0
configure:7159: /usr/bin/nm -B conftest.o \| sed -n -e 's/^.*[ ]\([ABCDGIRSTW][ABCDGIRSTW]*\)[ ][ ]*\([_A-Za-z][_A-Za-z0-9]*\)$/\1 \2 \2/p' \> conftest.nm
configure:7162: $? = 0
configure:7216: gcc -o conftest -g -O2   conftest.c conftstm.o >&5
configure:7219: $? = 0
configure:7257: result: ok
configure:7352: gcc -c -g -O2  conftest.c >&5
configure:7355: $? = 0
configure:8094: checking for dlfcn.h
configure:8094: gcc -c -g -O2  conftest.c >&5
configure:8094: $? = 0
configure:8094: result: yes
configure:8281: checking for objdir
configure:8296: result: .libs
configure:8563: checking if gcc supports -fno-rtti -fno-exceptions
configure:8581: gcc -c -g -O2  -fno-rtti -fno-exceptions conftest.c >&5
cc1: warning: command line option "-fno-rtti" is valid for C++/ObjC++ but not for C
configure:8585: $? = 0
configure:8598: result: no
configure:8618: checking for gcc option to produce PIC
configure:8903: result: -fPIC -DPIC
configure:8915: checking if gcc PIC flag -fPIC -DPIC works
configure:8933: gcc -c -g -O2  -fPIC -DPIC -DPIC conftest.c >&5
configure:8937: $? = 0
configure:8950: result: yes
configure:8974: checking if gcc static flag -static works
configure:9002: result: no
configure:9017: checking if gcc supports -c -o file.o
configure:9038: gcc -c -g -O2  -o out/conftest2.o conftest.c >&5
configure:9042: $? = 0
configure:9064: result: yes
configure:9072: checking if gcc supports -c -o file.o
configure:9119: result: yes
configure:9152: checking whether the gcc linker (/usr/bin/ld -m elf_x86_64) supports shared libraries
configure:10227: result: yes
configure:10264: checking whether -lc should be explicitly linked in
configure:10272: gcc -c -g -O2  conftest.c >&5
configure:10275: $? = 0
configure:10290: gcc -shared conftest.o  -v -Wl,-soname -Wl,conftest -o conftest 2\>\&1 \| /bin/grep  -lc  \>/dev/null 2\>\&1
configure:10293: $? = 0
configure:10307: result: no
configure:10472: checking dynamic linker characteristics
configure:10927: gcc -o conftest -g -O2   -Wl,-rpath -Wl,/foo conftest.c  >&5
configure:10927: $? = 0
configure:11153: result: GNU/Linux ld.so
configure:11260: checking how to hardcode library paths into programs
configure:11285: result: immediate
configure:11825: checking whether stripping libraries is possible
configure:11830: result: yes
configure:11865: checking if libtool supports shared libraries
configure:11867: result: yes
configure:11870: checking whether to build shared libraries
configure:11891: result: yes
configure:11894: checking whether to build static libraries
configure:11898: result: yes
configure:11989: checking for pkg-config
configure:12007: found /usr/bin/pkg-config
configure:12019: result: /usr/bin/pkg-config
configure:12044: checking pkg-config is at least version 0.9.0
configure:12047: result: yes
configure:12057: checking for GKIU
configure:12064: $PKG_CONFIG --exists --print-errors "gtk+-2.0 >= 2.16 glib-2.0 >= 2.18 gnome-keyring-1"
configure:12067: $? = 0
configure:12080: $PKG_CONFIG --exists --print-errors "gtk+-2.0 >= 2.16 glib-2.0 >= 2.18 gnome-keyring-1"
configure:12083: $? = 0
configure:12142: result: yes
configure:12166: checking gtk-doc version >= 1.0
configure:12169: result: yes
configure:12334: creating ./config.status

## ---------------------- ##
## Running config.status. ##
## ---------------------- ##

This file was extended by gkiu config.status 0.1, which was
generated by GNU Autoconf 2.66.  Invocation command line was

  CONFIG_FILES    = 
  CONFIG_HEADERS  = 
  CONFIG_LINKS    = 
  CONFIG_COMMANDS = 
  $ ./config.status 

on zhtx-laptop

config.status:1153: creating Makefile
config.status:1153: creating src/Makefile
config.status:1153: creating po/Makefile.in
config.status:1153: creating config.h
config.status:1333: config.h is unchanged
config.status:1381: executing depfiles commands
config.status:1381: executing default-1 commands
config.status:1381: executing libtool commands
config.status:1381: executing po/stamp-it commands

## ---------------- ##
## Cache variables. ##
## ---------------- ##

ac_cv_build=x86_64-unknown-linux-gnu
ac_cv_c_compiler_gnu=yes
ac_cv_env_CC_set=
ac_cv_env_CC_value=
ac_cv_env_CFLAGS_set=
ac_cv_env_CFLAGS_value=
ac_cv_env_CPPFLAGS_set=
ac_cv_env_CPPFLAGS_value=
ac_cv_env_CPP_set=
ac_cv_env_CPP_value=
ac_cv_env_GKIU_CFLAGS_set=
ac_cv_env_GKIU_CFLAGS_value=
ac_cv_env_GKIU_LIBS_set=
ac_cv_env_GKIU_LIBS_value=
ac_cv_env_LDFLAGS_set=
ac_cv_env_LDFLAGS_value=
ac_cv_env_LIBS_set=
ac_cv_env_LIBS_value=
ac_cv_env_PKG_CONFIG_LIBDIR_set=
ac_cv_env_PKG_CONFIG_LIBDIR_value=
ac_cv_env_PKG_CONFIG_PATH_set=
ac_cv_env_PKG_CONFIG_PATH_value=
ac_cv_env_PKG_CONFIG_set=
ac_cv_env_PKG_CONFIG_value=
ac_cv_env_build_alias_set=
ac_cv_env_build_alias_value=
ac_cv_env_host_alias_set=
ac_cv_env_host_alias_value=
ac_cv_env_target_alias_set=
ac_cv_env_target_alias_value=
ac_cv_func_bind_textdomain_codeset=yes
ac_cv_func_dcgettext=yes
ac_cv_header_dlfcn_h=yes
ac_cv_header_inttypes_h=yes
ac_cv_header_libintl_h=yes
ac_cv_header_locale_h=yes
ac_cv_header_memory_h=yes
ac_cv_header_stdc=yes
ac_cv_header_stdint_h=yes
ac_cv_header_stdlib_h=yes
ac_cv_header_string_h=yes
ac_cv_header_strings_h=yes
ac_cv_header_sys_stat_h=yes
ac_cv_header_sys_types_h=yes
ac_cv_header_unistd_h=yes
ac_cv_host=x86_64-unknown-linux-gnu
ac_cv_objext=o
ac_cv_path_EGREP='/bin/grep -E'
ac_cv_path_FGREP='/bin/grep -F'
ac_cv_path_GMSGFMT=/usr/bin/msgfmt
ac_cv_path_GREP=/bin/grep
ac_cv_path_INTLTOOL_EXTRACT=/usr/bin/intltool-extract
ac_cv_path_INTLTOOL_MERGE=/usr/bin/intltool-merge
ac_cv_path_INTLTOOL_PERL=/usr/bin/perl
ac_cv_path_INTLTOOL_UPDATE=/usr/bin/intltool-update
ac_cv_path_MSGFMT=/usr/bin/msgfmt
ac_cv_path_MSGMERGE=/usr/bin/msgmerge
ac_cv_path_SED=/bin/sed
ac_cv_path_XGETTEXT=/usr/bin/xgettext
ac_cv_path_ac_pt_PKG_CONFIG=/usr/bin/pkg-config
ac_cv_path_install='/usr/bin/install -c'
ac_cv_path_mkdir=/bin/mkdir
ac_cv_prog_AWK=gawk
ac_cv_prog_CPP='gcc -E'
ac_cv_prog_ac_ct_AR=ar
ac_cv_prog_ac_ct_CC=gcc
ac_cv_prog_ac_ct_OBJDUMP=objdump
ac_cv_prog_ac_ct_RANLIB=ranlib
ac_cv_prog_ac_ct_STRIP=strip
ac_cv_prog_cc_c89=
ac_cv_prog_cc_g=yes
ac_cv_prog_make_make_set=yes
am_cv_CC_dependencies_compiler_type=gcc3
am_cv_val_LC_MESSAGES=yes
gt_cv_func_dgettext_libc=yes
gt_cv_func_dgettext_libintl=no
gt_cv_func_ngettext_libc=yes
gt_cv_have_gettext=yes
lt_cv_archive_cmds_need_lc=no
lt_cv_deplibs_check_method=pass_all
lt_cv_file_magic_cmd='$MAGIC_CMD'
lt_cv_file_magic_test_file=
lt_cv_ld_reload_flag=-r
lt_cv_nm_interface='BSD nm'
lt_cv_objdir=.libs
lt_cv_path_LD=/usr/bin/ld
lt_cv_path_NM='/usr/bin/nm -B'
lt_cv_prog_compiler_c_o=yes
lt_cv_prog_compiler_pic_works=yes
lt_cv_prog_compiler_rtti_exceptions=no
lt_cv_prog_compiler_static_works=no
lt_cv_prog_gnu_ld=yes
lt_cv_shlibpath_overrides_runpath=no
lt_cv_sys_global_symbol_pipe='sed -n -e '\''s/^.*[	 ]\([ABCDGIRSTW][ABCDGIRSTW]*\)[	 ][	 ]*\([_A-Za-z][_A-Za-z0-9]*\)$/\1 \2 \2/p'\'''
lt_cv_sys_global_symbol_to_c_name_address='sed -n -e '\''s/^: \([^ ]*\) $/  {\"\1\", (void *) 0},/p'\'' -e '\''s/^[ABCDGIRSTW]* \([^ ]*\) \([^ ]*\)$/  {"\2", (void *) \&\2},/p'\'''
lt_cv_sys_global_symbol_to_c_name_address_lib_prefix='sed -n -e '\''s/^: \([^ ]*\) $/  {\"\1\", (void *) 0},/p'\'' -e '\''s/^[ABCDGIRSTW]* \([^ ]*\) \(lib[^ ]*\)$/  {"\2", (void *) \&\2},/p'\'' -e '\''s/^[ABCDGIRSTW]* \([^ ]*\) \([^ ]*\)$/  {"lib\2", (void *) \&\2},/p'\'''
lt_cv_sys_global_symbol_to_cdecl='sed -n -e '\''s/^T .* \(.*\)$/extern int \1();/p'\'' -e '\''s/^[ABCDGIRSTW]* .* \(.*\)$/extern char \1;/p'\'''
lt_cv_sys_max_cmd_len=1572864
pkg_cv_GKIU_CFLAGS='-pthread -I/usr/include/gtk-2.0 -I/usr/lib64/gtk-2.0/include -I/usr/include/atk-1.0 -I/usr/include/cairo -I/usr/include/gdk-pixbuf-2.0 -I/usr/include/pango-1.0 -I/usr/include/glib-2.0 -I/usr/lib64/glib-2.0/include -I/usr/include/pixman-1 -I/usr/include/freetype2 -I/usr/include/libpng12 -I/usr/include/gnome-keyring-1  '
pkg_cv_GKIU_LIBS='-pthread -lgtk-x11-2.0 -lgdk-x11-2.0 -latk-1.0 -lgio-2.0 -lpangoft2-1.0 -lpangocairo-1.0 -lgdk_pixbuf-2.0 -lm -lcairo -lpng12 -lpango-1.0 -lfreetype -lfontconfig -lgobject-2.0 -lgmodule-2.0 -lgthread-2.0 -lrt -lgnome-keyring -lglib-2.0  '

## ----------------- ##
## Output variables. ##
## ----------------- ##

ACLOCAL='${SHELL} /home/zhtx/gkiu/missing --run aclocal-1.11'
ALL_LINGUAS='zh_CN'
AMDEPBACKSLASH='\'
AMDEP_FALSE='#'
AMDEP_TRUE=''
AMTAR='${SHELL} /home/zhtx/gkiu/missing --run tar'
AM_BACKSLASH='\'
AM_DEFAULT_VERBOSITY='0'
AR='ar'
AUTOCONF='${SHELL} /home/zhtx/gkiu/missing --run autoconf'
AUTOHEADER='${SHELL} /home/zhtx/gkiu/missing --run autoheader'
AUTOMAKE='${SHELL} /home/zhtx/gkiu/missing --run automake-1.11'
AWK='gawk'
CATALOGS=''
CATOBJEXT='.gmo'
CC='gcc'
CCDEPMODE='depmode=gcc3'
CFLAGS='-g -O2'
CPP='gcc -E'
CPPFLAGS=''
CYGPATH_W='echo'
DATADIRNAME='share'
DEFS='-DHAVE_CONFIG_H'
DEPDIR='.deps'
DSYMUTIL=''
DUMPBIN=''
ECHO_C=''
ECHO_N='-n'
ECHO_T=''
EGREP='/bin/grep -E'
ENABLE_GTK_DOC_FALSE='#'
ENABLE_GTK_DOC_TRUE=''
EXEEXT=''
FGREP='/bin/grep -F'
GETTEXT_PACKAGE='gkiu'
GKIU_CFLAGS='-pthread -I/usr/include/gtk-2.0 -I/usr/lib64/gtk-2.0/include -I/usr/include/atk-1.0 -I/usr/include/cairo -I/usr/include/gdk-pixbuf-2.0 -I/usr/include/pango-1.0 -I/usr/include/glib-2.0 -I/usr/lib64/glib-2.0/include -I/usr/include/pixman-1 -I/usr/include/freetype2 -I/usr/include/libpng12 -I/usr/include/gnome-keyring-1  '
GKIU_LIBS='-pthread -lgtk-x11-2.0 -lgdk-x11-2.0 -latk-1.0 -lgio-2.0 -lpangoft2-1.0 -lpangocairo-1.0 -lgdk_pixbuf-2.0 -lm -lcairo -lpng12 -lpango-1.0 -lfreetype -lfontconfig -lgobject-2.0 -lgmodule-2.0 -lgthread-2.0 -lrt -lgnome-keyring -lglib-2.0  '
GMOFILES=''
GMSGFMT='/usr/bin/msgfmt'
GREP='/bin/grep'
HTML_DIR='${datadir}/gtk-doc/html'
INSTALL_DATA='${INSTALL} -m 644'
INSTALL_PROGRAM='${INSTALL}'
INSTALL_SCRIPT='${INSTALL}'
INSTALL_STRIP_PROGRAM='$(install_sh) -c -s'
INSTOBJEXT='.mo'
INTLLIBS=''
INTLTOOL_CAVES_RULE='%.caves:     %.caves.in     $(INTLTOOL_MERGE) $(wildcard $(top_srcdir)/po/*.po) ; LC_ALL=C $(INTLTOOL_MERGE) -d -u -c $(top_builddir)/po/.intltool-merge-cache $(top_srcdir)/po $< $@'
INTLTOOL_DESKTOP_RULE='%.desktop:   %.desktop.in   $(INTLTOOL_MERGE) $(wildcard $(top_srcdir)/po/*.po) ; LC_ALL=C $(INTLTOOL_MERGE) -d -u -c $(top_builddir)/po/.intltool-merge-cache $(top_srcdir)/po $< $@'
INTLTOOL_DIRECTORY_RULE='%.directory: %.directory.in $(INTLTOOL_MERGE) $(wildcard $(top_srcdir)/po/*.po) ; LC_ALL=C $(INTLTOOL_MERGE) -d -u -c $(top_builddir)/po/.intltool-merge-cache $(top_srcdir)/po $< $@'
INTLTOOL_EXTRACT='/usr/bin/intltool-extract'
INTLTOOL_KBD_RULE='%.kbd:       %.kbd.in       $(INTLTOOL_MERGE) $(wildcard $(top_srcdir)/po/*.po) ; LC_ALL=C $(INTLTOOL_MERGE) -x -u -m -c $(top_builddir)/po/.intltool-merge-cache $(top_srcdir)/po $< $@'
INTLTOOL_KEYS_RULE='%.keys:      %.keys.in      $(INTLTOOL_MERGE) $(wildcard $(top_srcdir)/po/*.po) ; LC_ALL=C $(INTLTOOL_MERGE) -k -u -c $(top_builddir)/po/.intltool-merge-cache $(top_srcdir)/po $< $@'
INTLTOOL_MERGE='/usr/bin/intltool-merge'
INTLTOOL_OAF_RULE='%.oaf:       %.oaf.in       $(INTLTOOL_MERGE) $(wildcard $(top_srcdir)/po/*.po) ; LC_ALL=C $(INTLTOOL_MERGE) -o -p $(top_srcdir)/po $< $@'
INTLTOOL_PERL='/usr/bin/perl'
INTLTOOL_POLICY_RULE='%.policy:    %.policy.in    $(INTLTOOL_MERGE) $(wildcard $(top_srcdir)/po/*.po) ; LC_ALL=C $(INTLTOOL_MERGE) -x -u -c $(top_builddir)/po/.intltool-merge-cache $(top_srcdir)/po $< $@'
INTLTOOL_PONG_RULE='%.pong:      %.pong.in      $(INTLTOOL_MERGE) $(wildcard $(top_srcdir)/po/*.po) ; LC_ALL=C $(INTLTOOL_MERGE) -x -u -c $(top_builddir)/po/.intltool-merge-cache $(top_srcdir)/po $< $@'
INTLTOOL_PROP_RULE='%.prop:      %.prop.in      $(INTLTOOL_MERGE) $(wildcard $(top_srcdir)/po/*.po) ; LC_ALL=C $(INTLTOOL_MERGE) -d -u -c $(top_builddir)/po/.intltool-merge-cache $(top_srcdir)/po $< $@'
INTLTOOL_SCHEMAS_RULE='%.schemas:   %.schemas.in   $(INTLTOOL_MERGE) $(wildcard $(top_srcdir)/po/*.po) ; LC_ALL=C $(INTLTOOL_MERGE) -s -u -c $(top_builddir)/po/.intltool-merge-cache $(top_srcdir)/po $< $@'
INTLTOOL_SERVER_RULE='%.server:    %.server.in    $(INTLTOOL_MERGE) $(wildcard $(top_srcdir)/po/*.po) ; LC_ALL=C $(INTLTOOL_MERGE) -o -u -c $(top_builddir)/po/.intltool-merge-cache $(top_srcdir)/po $< $@'
INTLTOOL_SERVICE_RULE='%.service: %.service.in   $(INTLTOOL_MERGE) $(wildcard $(top_srcdir)/po/*.po) ; LC_ALL=C $(INTLTOOL_MERGE) -d -u -c $(top_builddir)/po/.intltool-merge-cache $(top_srcdir)/po $< $@'
INTLTOOL_SHEET_RULE='%.sheet:     %.sheet.in     $(INTLTOOL_MERGE) $(wildcard $(top_srcdir)/po/*.po) ; LC_ALL=C $(INTLTOOL_MERGE) -x -u -c $(top_builddir)/po/.intltool-merge-cache $(top_srcdir)/po $< $@'
INTLTOOL_SOUNDLIST_RULE='%.soundlist: %.soundlist.in $(INTLTOOL_MERGE) $(wildcard $(top_srcdir)/po/*.po) ; LC_ALL=C $(INTLTOOL_MERGE) -d -u -c $(top_builddir)/po/.intltool-merge-cache $(top_srcdir)/po $< $@'
INTLTOOL_THEME_RULE='%.theme:     %.theme.in     $(INTLTOOL_MERGE) $(wildcard $(top_srcdir)/po/*.po) ; LC_ALL=C $(INTLTOOL_MERGE) -d -u -c $(top_builddir)/po/.intltool-merge-cache $(top_srcdir)/po $< $@'
INTLTOOL_UI_RULE='%.ui:        %.ui.in        $(INTLTOOL_MERGE) $(wildcard $(top_srcdir)/po/*.po) ; LC_ALL=C $(INTLTOOL_MERGE) -x -u -c $(top_builddir)/po/.intltool-merge-cache $(top_srcdir)/po $< $@'
INTLTOOL_UPDATE='/usr/bin/intltool-update'
INTLTOOL_XAM_RULE='%.xam:       %.xml.in       $(INTLTOOL_MERGE) $(wildcard $(top_srcdir)/po/*.po) ; LC_ALL=C $(INTLTOOL_MERGE) -x -u -c $(top_builddir)/po/.intltool-merge-cache $(top_srcdir)/po $< $@'
INTLTOOL_XML_NOMERGE_RULE='%.xml:       %.xml.in       $(INTLTOOL_MERGE) ; LC_ALL=C $(INTLTOOL_MERGE) -x -u /tmp $< $@'
INTLTOOL_XML_RULE='%.xml:       %.xml.in       $(INTLTOOL_MERGE) $(wildcard $(top_srcdir)/po/*.po) ; LC_ALL=C $(INTLTOOL_MERGE) -x -u -c $(top_builddir)/po/.intltool-merge-cache $(top_srcdir)/po $< $@'
LD='/usr/bin/ld -m elf_x86_64'
LDFLAGS=''
LIBOBJS=''
LIBS=''
LIBTOOL='$(SHELL) $(top_builddir)/libtool'
LIPO=''
LN_S='ln -s'
LTLIBOBJS=''
MAINT='#'
MAINTAINER_MODE_FALSE=''
MAINTAINER_MODE_TRUE='#'
MAKEINFO='${SHELL} /home/zhtx/gkiu/missing --run makeinfo'
MKDIR_P='/bin/mkdir -p'
MKINSTALLDIRS='./mkinstalldirs'
MSGFMT='/usr/bin/msgfmt'
MSGFMT_OPTS='-c'
MSGMERGE='/usr/bin/msgmerge'
NM='/usr/bin/nm -B'
NMEDIT=''
OBJDUMP='objdump'
OBJEXT='o'
OTOOL64=''
OTOOL=''
PACKAGE='gkiu'
PACKAGE_BUGREPORT='http://github.com/ekd123/gqq'
PACKAGE_LOCALE_DIR='/locale'
PACKAGE_NAME='gkiu'
PACKAGE_STRING='gkiu 0.1'
PACKAGE_TARNAME='gkiu'
PACKAGE_URL=''
PACKAGE_VERSION='0.1'
PATH_SEPARATOR=':'
PKG_CONFIG='/usr/bin/pkg-config'
PKG_CONFIG_LIBDIR=''
PKG_CONFIG_PATH=''
POFILES=''
POSUB='po'
PO_IN_DATADIR_FALSE=''
PO_IN_DATADIR_TRUE=''
RANLIB='ranlib'
SED='/bin/sed'
SET_MAKE=''
SHELL='/bin/sh'
STRIP='strip'
USE_NLS='yes'
VERSION='0.1'
XGETTEXT='/usr/bin/xgettext'
ac_ct_CC='gcc'
ac_ct_DUMPBIN=''
am__EXEEXT_FALSE=''
am__EXEEXT_TRUE='#'
am__fastdepCC_FALSE='#'
am__fastdepCC_TRUE=''
am__include='include'
am__isrc=''
am__leading_dot='.'
am__quote=''
am__tar='${AMTAR} chof - "$$tardir"'
am__untar='${AMTAR} xf -'
bindir='${exec_prefix}/bin'
build='x86_64-unknown-linux-gnu'
build_alias=''
build_cpu='x86_64'
build_os='linux-gnu'
build_vendor='unknown'
datadir='${datarootdir}'
datarootdir='${prefix}/share'
docdir='${datarootdir}/doc/${PACKAGE_TARNAME}'
dvidir='${docdir}'
exec_prefix='${prefix}'
host='x86_64-unknown-linux-gnu'
host_alias=''
host_cpu='x86_64'
host_os='linux-gnu'
host_vendor='unknown'
htmldir='${docdir}'
includedir='${prefix}/include'
infodir='${datarootdir}/info'
install_sh='${SHELL} /home/zhtx/gkiu/install-sh'
libdir='${exec_prefix}/lib'
libexecdir='${exec_prefix}/libexec'
localedir='${datarootdir}/locale'
localstatedir='${prefix}/var'
mandir='${datarootdir}/man'
mkdir_p='/bin/mkdir -p'
oldincludedir='/usr/include'
pdfdir='${docdir}'
prefix='/usr/local'
program_transform_name='s,x,x,'
psdir='${docdir}'
sbindir='${exec_prefix}/sbin'
sharedstatedir='${prefix}/com'
sysconfdir='${prefix}/etc'
target_alias=''

## ----------- ##
## confdefs.h. ##
## ----------- ##

/* confdefs.h */
#define PACKAGE_NAME "gkiu"
#define PACKAGE_TARNAME "gkiu"
#define PACKAGE_VERSION "0.1"
#define PACKAGE_STRING "gkiu 0.1"
#define PACKAGE_BUGREPORT "http://github.com/ekd123/gqq"
#define PACKAGE_URL ""
#define PACKAGE "gkiu"
#define VERSION "0.1"
#define GETTEXT_PACKAGE "gkiu"
#define STDC_HEADERS 1
#define HAVE_SYS_TYPES_H 1
#define HAVE_SYS_STAT_H 1
#define HAVE_STDLIB_H 1
#define HAVE_STRING_H 1
#define HAVE_MEMORY_H 1
#define HAVE_STRINGS_H 1
#define HAVE_INTTYPES_H 1
#define HAVE_STDINT_H 1
#define HAVE_UNISTD_H 1
#define HAVE_LOCALE_H 1
#define HAVE_LC_MESSAGES 1
#define HAVE_BIND_TEXTDOMAIN_CODESET 1
#define HAVE_GETTEXT 1
#define HAVE_DCGETTEXT 1
#define ENABLE_NLS 1
#define HAVE_DLFCN_H 1
#define LT_OBJDIR ".libs/"

configure: exit 0
